<?xml version="1.0" encoding="UTF-8"?>
<!-- Generated by org.testng.reporters.JUnitXMLReporter -->
<testsuite ignored="33" hostname="Dell" failures="0" tests="11" name="SanityTest" time="13.584" errors="0" timestamp="2024-02-20T15:03:23 IST">
  <testcase classname="adminlogin.ReferenceMasterTest" name="createDistType" time="3.173"/>
  <testcase classname="adminlogin.ReferenceMasterTest" name="createPaymentMode" time="1.053"/>
  <testcase classname="adminlogin.ReferenceMasterTest" name="createPaymentTerm" time="1.105"/>
  <testcase classname="adminlogin.ReferenceMasterTest" name="createState" time="1.48"/>
  <testcase classname="adminlogin.ReferenceMasterTest" name="createCity" time="1.131"/>
  <testcase classname="adminlogin.Organisational_HierarchyTest" name="createLOB" time="0.601"/>
  <testcase classname="adminlogin.Organisational_HierarchyTest" name="createChannelHead" time="0.589"/>
  <testcase classname="adminlogin.Organisational_HierarchyTest" name="createZSM" time="0.62"/>
  <testcase classname="adminlogin.Organisational_HierarchyTest" name="createRSM" time="0.971"/>
  <testcase classname="adminlogin.Organisational_HierarchyTest" name="createASM" time="1.211"/>
  <testcase classname="adminlogin.Organisational_HierarchyTest" name="createCRO" time="1.121"/>
  <testcase classname="adminlogin.ReferenceMasterTest" name="deletePaymentTerm" time="0.0">
    <ignored/>
  </testcase> <!-- deletePaymentTerm -->
  <testcase classname="adminlogin.Organisational_HierarchyTest" name="deleteASM" time="0.0">
    <ignored/>
  </testcase> <!-- deleteASM -->
  <testcase classname="adminlogin.Organisational_HierarchyTest" name="deleteCRO" time="0.0">
    <ignored/>
  </testcase> <!-- deleteCRO -->
  <testcase classname="adminlogin.Organisational_HierarchyTest" name="updateChannelHead" time="0.0">
    <ignored/>
  </testcase> <!-- updateChannelHead -->
  <testcase classname="adminlogin.ReferenceMasterTest" name="deleteState" time="0.0">
    <ignored/>
  </testcase> <!-- deleteState -->
  <testcase classname="adminlogin.ReferenceMasterTest" name="updateDistType" time="0.0">
    <ignored/>
  </testcase> <!-- updateDistType -->
  <testcase classname="adminlogin.Organisational_HierarchyTest" name="viewCROList" time="0.0">
    <ignored/>
  </testcase> <!-- viewCROList -->
  <testcase classname="adminlogin.Organisational_HierarchyTest" name="updateRSM" time="0.0">
    <ignored/>
  </testcase> <!-- updateRSM -->
  <testcase classname="adminlogin.Organisational_HierarchyTest" name="deleteLOB" time="0.0">
    <ignored/>
  </testcase> <!-- deleteLOB -->
  <testcase classname="adminlogin.ReferenceMasterTest" name="updateState" time="0.0">
    <ignored/>
  </testcase> <!-- updateState -->
  <testcase classname="adminlogin.Organisational_HierarchyTest" name="updateZSM" time="0.0">
    <ignored/>
  </testcase> <!-- updateZSM -->
  <testcase classname="adminlogin.ReferenceMasterTest" name="viewStateList" time="0.0">
    <ignored/>
  </testcase> <!-- viewStateList -->
  <testcase classname="adminlogin.ReferenceMasterTest" name="viewPaymentTermList" time="0.0">
    <ignored/>
  </testcase> <!-- viewPaymentTermList -->
  <testcase classname="adminlogin.ReferenceMasterTest" name="viewCityList" time="0.0">
    <ignored/>
  </testcase> <!-- viewCityList -->
  <testcase classname="adminlogin.ReferenceMasterTest" name="updatePaymentTerm" time="0.0">
    <ignored/>
  </testcase> <!-- updatePaymentTerm -->
  <testcase classname="adminlogin.Organisational_HierarchyTest" name="viewChannelHeadList" time="0.0">
    <ignored/>
  </testcase> <!-- viewChannelHeadList -->
  <testcase classname="adminlogin.ReferenceMasterTest" name="viewPaymentModeList" time="0.0">
    <ignored/>
  </testcase> <!-- viewPaymentModeList -->
  <testcase classname="adminlogin.Organisational_HierarchyTest" name="viewLOBList" time="0.0">
    <ignored/>
  </testcase> <!-- viewLOBList -->
  <testcase classname="adminlogin.ReferenceMasterTest" name="updatePaymentMode" time="0.0">
    <ignored/>
  </testcase> <!-- updatePaymentMode -->
  <testcase classname="adminlogin.Organisational_HierarchyTest" name="viewZSMList" time="0.0">
    <ignored/>
  </testcase> <!-- viewZSMList -->
  <testcase classname="adminlogin.Organisational_HierarchyTest" name="deleteChannelHead" time="0.0">
    <ignored/>
  </testcase> <!-- deleteChannelHead -->
  <testcase classname="adminlogin.ReferenceMasterTest" name="viewDistTypeList" time="0.0">
    <ignored/>
  </testcase> <!-- viewDistTypeList -->
  <testcase classname="adminlogin.ReferenceMasterTest" name="updatecity" time="0.0">
    <ignored/>
  </testcase> <!-- updatecity -->
  <testcase classname="adminlogin.Organisational_HierarchyTest" name="viewASMList" time="0.0">
    <ignored/>
  </testcase> <!-- viewASMList -->
  <testcase classname="adminlogin.ReferenceMasterTest" name="deletePaymentMode" time="0.0">
    <ignored/>
  </testcase> <!-- deletePaymentMode -->
  <testcase classname="adminlogin.Organisational_HierarchyTest" name="updateCRO" time="0.0">
    <ignored/>
  </testcase> <!-- updateCRO -->
  <testcase classname="adminlogin.Organisational_HierarchyTest" name="viewRSMList" time="0.0">
    <ignored/>
  </testcase> <!-- viewRSMList -->
  <testcase classname="adminlogin.Organisational_HierarchyTest" name="updateASM" time="0.0">
    <ignored/>
  </testcase> <!-- updateASM -->
  <testcase classname="adminlogin.Organisational_HierarchyTest" name="updateLOB" time="0.0">
    <ignored/>
  </testcase> <!-- updateLOB -->
  <testcase classname="adminlogin.ReferenceMasterTest" name="deleteDistType" time="0.0">
    <ignored/>
  </testcase> <!-- deleteDistType -->
  <testcase classname="adminlogin.Organisational_HierarchyTest" name="deleteRSM" time="0.0">
    <ignored/>
  </testcase> <!-- deleteRSM -->
  <testcase classname="adminlogin.Organisational_HierarchyTest" name="deleteZSM" time="0.0">
    <ignored/>
  </testcase> <!-- deleteZSM -->
  <testcase classname="adminlogin.ReferenceMasterTest" name="deleteCity" time="0.0">
    <ignored/>
  </testcase> <!-- deleteCity -->
</testsuite> <!-- SanityTest -->
